Write a JavaScript function that accepts a string as a parameter and converts the first letter of each word into upper case.
Example string : ‘learn javascript from brain mentors’
Expected Output : ‘Learn Javascript From Brain Mentors


function formatString(){
    var str="learn javascript from brain mentors";
    str=str.toLowerCase();
    str=" "+str;
    var s="";
    for(var i=0;i<str.length-1;i++){
        var ch=str.charAt(i);
        if(ch==" ") {
            s=s+" ";
            s=s+str.charAt(i+1).toUpperCase();
            i++;
        }
        else s=s+ch;
    }
    console.log(s.trim());
}
    
undefined
formatString();
VM1384:15 Learn Javascript From Brain Mentor
VM28:20 Uncaught SyntaxError: Unexpected identifier 'Learn'
