2.Write a JavaScript program to get the current date.
Expected Output :
mm-dd-yyyy, mm/dd/yyyy or dd-mm-yyyy, dd/mm/yyyy

function formats(){
    var date=new Date();
    var month=date.getMonth();
    var date1=date.getDate();
    var year=date.getFullYear();
    console.log(` ${month}-${date1}-${year}`);
    console.log(` ${month}/${date1}/${year}`);
    console.log(`${date1}-${month}-${year}`);
    console.log(`${date1}/${month}/${year}`);
}
    
    
undefined
formats();
VM1925:6  5-28-2023
VM1925:7  5/28/2023
VM1925:8 28-5-2023
VM1925:9 28/5/2023
undefined
